<?xml version="1.0" encoding="UTF-8"?>
<!-- Generated by org.testng.reporters.JUnitXMLReporter -->
<testsuite ignored="0" hostname="dnid0007l01.local" failures="1" tests="1" name="EmployeeRestAPITest" time="1.498" errors="0" timestamp="2020-05-15T10:40:39 WIB">
  <testcase classname="com.api.testcases.TS_001_Signup" name="signupTest" time="1.261">
    <failure type="org.testng.internal.reflect.MethodMatcherException" message="
[public void com.api.testcases.TS_001_Signup.signupTest(java.lang.String,java.lang.String,java.lang.String,java.lang.String,java.lang.String,java.lang.String)] has no parameters defined but was found to be using a data provider (either explicitly specified or inherited from class level annotation).
Data provider mismatch
Method: signupTest([Parameter{index=0, type=java.lang.String, declaredAnnotations=[]}, Parameter{index=1, type=java.lang.String, declaredAnnotations=[]}, Parameter{index=2, type=java.lang.String, declaredAnnotations=[]}, Parameter{index=3, type=java.lang.String, declaredAnnotations=[]}, Parameter{index=4, type=java.lang.String, declaredAnnotations=[]}, Parameter{index=5, type=java.lang.String, declaredAnnotations=[]}])
Arguments: [(java.lang.String) Muhammad Yogie,(java.lang.String) yoginugrohoo@gmail.com,(java.lang.String) 83833833834,(java.lang.String) Password123@,(java.lang.String) Password123@,(java.lang.String) Success sign up,(java.lang.String) All Field Ok]">
      <![CDATA[org.testng.internal.reflect.MethodMatcherException: 
[public void com.api.testcases.TS_001_Signup.signupTest(java.lang.String,java.lang.String,java.lang.String,java.lang.String,java.lang.String,java.lang.String)] has no parameters defined but was found to be using a data provider (either explicitly specified or inherited from class level annotation).
Data provider mismatch
Method: signupTest([Parameter{index=0, type=java.lang.String, declaredAnnotations=[]}, Parameter{index=1, type=java.lang.String, declaredAnnotations=[]}, Parameter{index=2, type=java.lang.String, declaredAnnotations=[]}, Parameter{index=3, type=java.lang.String, declaredAnnotations=[]}, Parameter{index=4, type=java.lang.String, declaredAnnotations=[]}, Parameter{index=5, type=java.lang.String, declaredAnnotations=[]}])
Arguments: [(java.lang.String) Muhammad Yogie,(java.lang.String) yoginugrohoo@gmail.com,(java.lang.String) 83833833834,(java.lang.String) Password123@,(java.lang.String) Password123@,(java.lang.String) Success sign up,(java.lang.String) All Field Ok]
at java.base/java.util.ArrayList.forEach(ArrayList.java:1540)
... Removed 22 stack frames]]>
    </failure>
  </testcase> <!-- signupTest -->
</testsuite> <!-- EmployeeRestAPITest -->
