<?xml version="1.0" encoding="UTF-8"?>
<!-- Generated by org.testng.reporters.JUnitXMLReporter -->
<testsuite ignored="0" hostname="dnid0007l01.local" failures="11" tests="149" name="APITest" time="571.376" errors="0" timestamp="19 May 2020 04:45:51 GMT">
  <testcase classname="com.api.testcases.TS_001_CreateAccount" name="createAccountTest" time="4.136"/>
  <testcase classname="com.api.testcases.TS_001_CreateAccount" name="createAccountTest" time="1.901"/>
  <testcase classname="com.api.testcases.TS_001_CreateAccount" name="createAccountTest" time="2.562"/>
  <testcase classname="com.api.testcases.TS_001_CreateAccount" name="createAccountTest" time="2.75"/>
  <testcase classname="com.api.testcases.TS_001_CreateAccount" name="createAccountTest" time="2.671"/>
  <testcase classname="com.api.testcases.TS_001_CreateAccount" name="createAccountTest" time="2.459"/>
  <testcase classname="com.api.testcases.TS_001_CreateAccount" name="createAccountTest" time="1.736"/>
  <testcase classname="com.api.testcases.TS_001_CreateAccount" name="createAccountTest" time="1.844"/>
  <testcase classname="com.api.testcases.TS_001_CreateAccount" name="createAccountTest" time="2.149"/>
  <testcase classname="com.api.testcases.TS_001_CreateAccount" name="createAccountTest" time="2.156"/>
  <testcase classname="com.api.testcases.TS_001_CreateAccount" name="createAccountTest" time="2.142"/>
  <testcase classname="com.api.testcases.TS_001_CreateAccount" name="createAccountTest" time="2.252"/>
  <testcase classname="com.api.testcases.TS_001_CreateAccount" name="createAccountTest" time="2.25"/>
  <testcase classname="com.api.testcases.TS_001_CreateAccount" name="createAccountTest" time="2.254"/>
  <testcase classname="com.api.testcases.TS_001_CreateAccount" name="createAccountTest" time="2.437"/>
  <testcase classname="com.api.testcases.TS_001_CreateAccount" name="createAccountTest" time="2.242"/>
  <testcase classname="com.api.testcases.TS_001_CreateAccount" name="createAccountTest" time="4.647">
    <failure type="java.lang.AssertionError" message="1 expectation failed.
Expected status code &amp;lt;403&amp;gt; but was &amp;lt;201&amp;gt;.
">
      <![CDATA[java.lang.AssertionError: 1 expectation failed.
Expected status code <403> but was <201>.

at org.codehaus.groovy.runtime.callsite.ConstructorSite$ConstructorSiteNoUnwrap.callConstructor(ConstructorSite.java:84)
at org.codehaus.groovy.runtime.callsite.CallSiteArray.defaultCallConstructor(CallSiteArray.java:59)
at org.codehaus.groovy.runtime.callsite.AbstractCallSite.callConstructor(AbstractCallSite.java:238)
at org.codehaus.groovy.runtime.callsite.AbstractCallSite.callConstructor(AbstractCallSite.java:250)
at io.restassured.internal.ResponseSpecificationImpl$HamcrestAssertionClosure.validate(ResponseSpecificationImpl.groovy:494)
at io.restassured.internal.ResponseSpecificationImpl$HamcrestAssertionClosure$validate$1.call(Unknown Source)
at io.restassured.internal.ResponseSpecificationImpl.validateResponseIfRequired(ResponseSpecificationImpl.groovy:656)
at org.codehaus.groovy.runtime.callsite.PogoMetaMethodSite$PogoCachedMethodSiteNoUnwrapNoCoerce.invoke(PogoMetaMethodSite.java:210)
at org.codehaus.groovy.runtime.callsite.PogoMetaMethodSite.callCurrent(PogoMetaMethodSite.java:59)
at org.codehaus.groovy.runtime.callsite.AbstractCallSite.callCurrent(AbstractCallSite.java:169)
at io.restassured.internal.ResponseSpecificationImpl.statusCode(ResponseSpecificationImpl.groovy:125)
at io.restassured.specification.ResponseSpecification$statusCode$0.callCurrent(Unknown Source)
at io.restassured.internal.ResponseSpecificationImpl.statusCode(ResponseSpecificationImpl.groovy:133)
at io.restassured.internal.ValidatableResponseOptionsImpl.statusCode(ValidatableResponseOptionsImpl.java:119)
at com.api.testcases.TS_001_CreateAccount.createAccountTest(TS_001_CreateAccount.java:79)
... Removed 33 stack frames]]>
    </failure>
  </testcase> <!-- createAccountTest -->
  <testcase classname="com.api.testcases.TS_001_CreateAccount" name="createAccountTest" time="2.778"/>
  <testcase classname="com.api.testcases.TS_001_CreateAccount" name="createAccountTest" time="2.101"/>
  <testcase classname="com.api.testcases.TS_001_CreateAccount" name="createAccountTest" time="2.255"/>
  <testcase classname="com.api.testcases.TS_001_CreateAccount" name="createAccountTest" time="1.876"/>
  <testcase classname="com.api.testcases.TS_001_CreateAccount" name="createAccountTest" time="2.171"/>
  <testcase classname="com.api.testcases.TS_001_CreateAccount" name="createAccountTest" time="2.413"/>
  <testcase classname="com.api.testcases.TS_001_CreateAccount" name="createAccountTest" time="2.116"/>
  <testcase classname="com.api.testcases.TS_001_CreateAccount" name="createAccountTest" time="2.107"/>
  <testcase classname="com.api.testcases.TS_001_CreateAccount" name="createAccountTest" time="2.221"/>
  <testcase classname="com.api.testcases.TS_001_CreateAccount" name="createAccountTest" time="1.92"/>
  <testcase classname="com.api.testcases.TS_001_CreateAccount" name="createAccountTest" time="2.003"/>
  <testcase classname="com.api.testcases.TS_001_CreateAccount" name="createAccountTest" time="1.945"/>
  <testcase classname="com.api.testcases.TS_002_Login" name="loginTest" time="2.278"/>
  <testcase classname="com.api.testcases.TS_002_Login" name="loginTest" time="2.397"/>
  <testcase classname="com.api.testcases.TS_002_Login" name="loginTest" time="20.898"/>
  <testcase classname="com.api.testcases.TS_002_Login" name="loginTest" time="2.22"/>
  <testcase classname="com.api.testcases.TS_002_Login" name="loginTest" time="2.684"/>
  <testcase classname="com.api.testcases.TS_002_Login" name="loginTest" time="1.947"/>
  <testcase classname="com.api.testcases.TS_002_Login" name="loginTest" time="1.857">
    <failure type="java.lang.AssertionError" message="1 expectation failed.
Response body doesn&amp;apos;t match expectation.
Expected: a string containing &amp;quot;Invalid phone number&amp;quot;
  Actual: [data:[:], message:Phone number or password wrong, status:403]
">
      <![CDATA[java.lang.AssertionError: 1 expectation failed.
Response body doesn't match expectation.
Expected: a string containing "Invalid phone number"
  Actual: [data:[:], message:Phone number or password wrong, status:403]

at org.codehaus.groovy.runtime.callsite.ConstructorSite$ConstructorSiteNoUnwrap.callConstructor(ConstructorSite.java:84)
at org.codehaus.groovy.runtime.callsite.AbstractCallSite.callConstructor(AbstractCallSite.java:250)
at io.restassured.internal.ResponseSpecificationImpl$HamcrestAssertionClosure.validate(ResponseSpecificationImpl.groovy:494)
at io.restassured.internal.ResponseSpecificationImpl$HamcrestAssertionClosure$validate$1.call(Unknown Source)
at io.restassured.internal.ResponseSpecificationImpl.validateResponseIfRequired(ResponseSpecificationImpl.groovy:656)
at org.codehaus.groovy.runtime.callsite.PogoMetaMethodSite$PogoCachedMethodSiteNoUnwrapNoCoerce.invoke(PogoMetaMethodSite.java:210)
at org.codehaus.groovy.runtime.callsite.PogoMetaMethodSite.callCurrent(PogoMetaMethodSite.java:59)
at org.codehaus.groovy.runtime.callsite.AbstractCallSite.callCurrent(AbstractCallSite.java:169)
at io.restassured.internal.ResponseSpecificationImpl.content(ResponseSpecificationImpl.groovy:97)
at io.restassured.internal.ValidatableResponseOptionsImpl.content(ValidatableResponseOptionsImpl.java:89)
at com.api.testcases.TS_002_Login.loginTest(TS_002_Login.java:73)
... Removed 34 stack frames]]>
    </failure>
  </testcase> <!-- loginTest -->
  <testcase classname="com.api.testcases.TS_002_Login" name="loginTest" time="2.643"/>
  <testcase classname="com.api.testcases.TS_002_Login" name="loginTest" time="2.358"/>
  <testcase classname="com.api.testcases.TS_002_Login" name="loginTest" time="2.762"/>
  <testcase classname="com.api.testcases.TS_002_Login" name="loginTest" time="1.842"/>
  <testcase classname="com.api.testcases.TS_002_Login" name="loginTest" time="2.122"/>
  <testcase classname="com.api.testcases.TS_002_Login" name="loginTest" time="2.382"/>
  <testcase classname="com.api.testcases.TS_002_Login" name="loginTest" time="2.455"/>
  <testcase classname="com.api.testcases.TS_002_Login" name="loginTest" time="2.441"/>
  <testcase classname="com.api.testcases.TS_002_Login" name="loginTest" time="2.188"/>
  <testcase classname="com.api.testcases.TS_002_Login" name="loginTest" time="2.639"/>
  <testcase classname="com.api.testcases.TS_002_Login" name="loginTest" time="2.56"/>
  <testcase classname="com.api.testcases.TS_002_Login" name="loginTest" time="2.42"/>
  <testcase classname="com.api.testcases.TS_003_SendOTP" name="sendOTPTest" time="3.004">
    <failure type="java.lang.AssertionError" message="1 expectation failed.
Expected status code &amp;lt;201&amp;gt; but was &amp;lt;500&amp;gt;.
">
      <![CDATA[java.lang.AssertionError: 1 expectation failed.
Expected status code <201> but was <500>.

at org.codehaus.groovy.runtime.callsite.ConstructorSite$ConstructorSiteNoUnwrap.callConstructor(ConstructorSite.java:84)
at org.codehaus.groovy.runtime.callsite.AbstractCallSite.callConstructor(AbstractCallSite.java:250)
at io.restassured.internal.ResponseSpecificationImpl$HamcrestAssertionClosure.validate(ResponseSpecificationImpl.groovy:494)
at io.restassured.internal.ResponseSpecificationImpl$HamcrestAssertionClosure$validate$1.call(Unknown Source)
at io.restassured.internal.ResponseSpecificationImpl.validateResponseIfRequired(ResponseSpecificationImpl.groovy:656)
at org.codehaus.groovy.runtime.callsite.PogoMetaMethodSite$PogoCachedMethodSiteNoUnwrapNoCoerce.invoke(PogoMetaMethodSite.java:210)
at org.codehaus.groovy.runtime.callsite.PogoMetaMethodSite.callCurrent(PogoMetaMethodSite.java:59)
at org.codehaus.groovy.runtime.callsite.AbstractCallSite.callCurrent(AbstractCallSite.java:169)
at io.restassured.internal.ResponseSpecificationImpl.statusCode(ResponseSpecificationImpl.groovy:125)
at io.restassured.specification.ResponseSpecification$statusCode$0.callCurrent(Unknown Source)
at io.restassured.internal.ResponseSpecificationImpl.statusCode(ResponseSpecificationImpl.groovy:133)
at io.restassured.internal.ValidatableResponseOptionsImpl.statusCode(ValidatableResponseOptionsImpl.java:119)
at com.api.testcases.TS_003_SendOTP.sendOTPTest(TS_003_SendOTP.java:47)
... Removed 34 stack frames]]>
    </failure>
  </testcase> <!-- sendOTPTest -->
  <testcase classname="com.api.testcases.TS_003_SendOTP" name="sendOTPTest" time="1.967">
    <failure type="java.lang.AssertionError" message="1 expectation failed.
Expected status code &amp;lt;201&amp;gt; but was &amp;lt;500&amp;gt;.
">
      <![CDATA[java.lang.AssertionError: 1 expectation failed.
Expected status code <201> but was <500>.

at org.codehaus.groovy.runtime.callsite.ConstructorSite$ConstructorSiteNoUnwrap.callConstructor(ConstructorSite.java:84)
at org.codehaus.groovy.runtime.callsite.AbstractCallSite.callConstructor(AbstractCallSite.java:250)
at io.restassured.internal.ResponseSpecificationImpl$HamcrestAssertionClosure.validate(ResponseSpecificationImpl.groovy:494)
at io.restassured.internal.ResponseSpecificationImpl$HamcrestAssertionClosure$validate$1.call(Unknown Source)
at io.restassured.internal.ResponseSpecificationImpl.validateResponseIfRequired(ResponseSpecificationImpl.groovy:656)
at org.codehaus.groovy.runtime.callsite.PogoMetaMethodSite$PogoCachedMethodSiteNoUnwrapNoCoerce.invoke(PogoMetaMethodSite.java:210)
at org.codehaus.groovy.runtime.callsite.PogoMetaMethodSite.callCurrent(PogoMetaMethodSite.java:59)
at org.codehaus.groovy.runtime.callsite.AbstractCallSite.callCurrent(AbstractCallSite.java:169)
at io.restassured.internal.ResponseSpecificationImpl.statusCode(ResponseSpecificationImpl.groovy:125)
at io.restassured.specification.ResponseSpecification$statusCode$0.callCurrent(Unknown Source)
at io.restassured.internal.ResponseSpecificationImpl.statusCode(ResponseSpecificationImpl.groovy:133)
at io.restassured.internal.ValidatableResponseOptionsImpl.statusCode(ValidatableResponseOptionsImpl.java:119)
at com.api.testcases.TS_003_SendOTP.sendOTPTest(TS_003_SendOTP.java:47)
... Removed 34 stack frames]]>
    </failure>
  </testcase> <!-- sendOTPTest -->
  <testcase classname="com.api.testcases.TS_003_SendOTP" name="sendOTPTest" time="2.637">
    <failure type="java.lang.AssertionError" message="1 expectation failed.
Expected status code &amp;lt;201&amp;gt; but was &amp;lt;500&amp;gt;.
">
      <![CDATA[java.lang.AssertionError: 1 expectation failed.
Expected status code <201> but was <500>.

at org.codehaus.groovy.runtime.callsite.ConstructorSite$ConstructorSiteNoUnwrap.callConstructor(ConstructorSite.java:84)
at org.codehaus.groovy.runtime.callsite.AbstractCallSite.callConstructor(AbstractCallSite.java:250)
at io.restassured.internal.ResponseSpecificationImpl$HamcrestAssertionClosure.validate(ResponseSpecificationImpl.groovy:494)
at io.restassured.internal.ResponseSpecificationImpl$HamcrestAssertionClosure$validate$1.call(Unknown Source)
at io.restassured.internal.ResponseSpecificationImpl.validateResponseIfRequired(ResponseSpecificationImpl.groovy:656)
at org.codehaus.groovy.runtime.callsite.PogoMetaMethodSite$PogoCachedMethodSiteNoUnwrapNoCoerce.invoke(PogoMetaMethodSite.java:210)
at org.codehaus.groovy.runtime.callsite.PogoMetaMethodSite.callCurrent(PogoMetaMethodSite.java:59)
at org.codehaus.groovy.runtime.callsite.AbstractCallSite.callCurrent(AbstractCallSite.java:169)
at io.restassured.internal.ResponseSpecificationImpl.statusCode(ResponseSpecificationImpl.groovy:125)
at io.restassured.specification.ResponseSpecification$statusCode$0.callCurrent(Unknown Source)
at io.restassured.internal.ResponseSpecificationImpl.statusCode(ResponseSpecificationImpl.groovy:133)
at io.restassured.internal.ValidatableResponseOptionsImpl.statusCode(ValidatableResponseOptionsImpl.java:119)
at com.api.testcases.TS_003_SendOTP.sendOTPTest(TS_003_SendOTP.java:47)
... Removed 34 stack frames]]>
    </failure>
  </testcase> <!-- sendOTPTest -->
  <testcase classname="com.api.testcases.TS_003_SendOTP" name="sendOTPTest" time="2.458">
    <failure type="java.lang.AssertionError" message="1 expectation failed.
Expected status code &amp;lt;201&amp;gt; but was &amp;lt;500&amp;gt;.
">
      <![CDATA[java.lang.AssertionError: 1 expectation failed.
Expected status code <201> but was <500>.

at org.codehaus.groovy.runtime.callsite.ConstructorSite$ConstructorSiteNoUnwrap.callConstructor(ConstructorSite.java:84)
at org.codehaus.groovy.runtime.callsite.AbstractCallSite.callConstructor(AbstractCallSite.java:250)
at io.restassured.internal.ResponseSpecificationImpl$HamcrestAssertionClosure.validate(ResponseSpecificationImpl.groovy:494)
at io.restassured.internal.ResponseSpecificationImpl$HamcrestAssertionClosure$validate$1.call(Unknown Source)
at io.restassured.internal.ResponseSpecificationImpl.validateResponseIfRequired(ResponseSpecificationImpl.groovy:656)
at org.codehaus.groovy.runtime.callsite.PogoMetaMethodSite$PogoCachedMethodSiteNoUnwrapNoCoerce.invoke(PogoMetaMethodSite.java:210)
at org.codehaus.groovy.runtime.callsite.PogoMetaMethodSite.callCurrent(PogoMetaMethodSite.java:59)
at org.codehaus.groovy.runtime.callsite.AbstractCallSite.callCurrent(AbstractCallSite.java:169)
at io.restassured.internal.ResponseSpecificationImpl.statusCode(ResponseSpecificationImpl.groovy:125)
at io.restassured.specification.ResponseSpecification$statusCode$0.callCurrent(Unknown Source)
at io.restassured.internal.ResponseSpecificationImpl.statusCode(ResponseSpecificationImpl.groovy:133)
at io.restassured.internal.ValidatableResponseOptionsImpl.statusCode(ValidatableResponseOptionsImpl.java:119)
at com.api.testcases.TS_003_SendOTP.sendOTPTest(TS_003_SendOTP.java:47)
... Removed 34 stack frames]]>
    </failure>
  </testcase> <!-- sendOTPTest -->
  <testcase classname="com.api.testcases.TS_003_SendOTP" name="sendOTPTest" time="1.844"/>
  <testcase classname="com.api.testcases.TS_003_SendOTP" name="sendOTPTest" time="2.937">
    <failure type="java.lang.AssertionError" message="1 expectation failed.
Expected status code &amp;lt;403&amp;gt; but was &amp;lt;500&amp;gt;.
">
      <![CDATA[java.lang.AssertionError: 1 expectation failed.
Expected status code <403> but was <500>.

at org.codehaus.groovy.runtime.callsite.ConstructorSite$ConstructorSiteNoUnwrap.callConstructor(ConstructorSite.java:84)
at org.codehaus.groovy.runtime.callsite.AbstractCallSite.callConstructor(AbstractCallSite.java:250)
at io.restassured.internal.ResponseSpecificationImpl$HamcrestAssertionClosure.validate(ResponseSpecificationImpl.groovy:494)
at io.restassured.internal.ResponseSpecificationImpl$HamcrestAssertionClosure$validate$1.call(Unknown Source)
at io.restassured.internal.ResponseSpecificationImpl.validateResponseIfRequired(ResponseSpecificationImpl.groovy:656)
at org.codehaus.groovy.runtime.callsite.PogoMetaMethodSite$PogoCachedMethodSiteNoUnwrapNoCoerce.invoke(PogoMetaMethodSite.java:210)
at org.codehaus.groovy.runtime.callsite.PogoMetaMethodSite.callCurrent(PogoMetaMethodSite.java:59)
at org.codehaus.groovy.runtime.callsite.AbstractCallSite.callCurrent(AbstractCallSite.java:169)
at io.restassured.internal.ResponseSpecificationImpl.statusCode(ResponseSpecificationImpl.groovy:125)
at io.restassured.specification.ResponseSpecification$statusCode$0.callCurrent(Unknown Source)
at io.restassured.internal.ResponseSpecificationImpl.statusCode(ResponseSpecificationImpl.groovy:133)
at io.restassured.internal.ValidatableResponseOptionsImpl.statusCode(ValidatableResponseOptionsImpl.java:119)
at com.api.testcases.TS_003_SendOTP.sendOTPTest(TS_003_SendOTP.java:61)
... Removed 34 stack frames]]>
    </failure>
  </testcase> <!-- sendOTPTest -->
  <testcase classname="com.api.testcases.TS_003_SendOTP" name="sendOTPTest" time="2.591"/>
  <testcase classname="com.api.testcases.TS_003_SendOTP" name="sendOTPTest" time="2.766"/>
  <testcase classname="com.api.testcases.TS_003_SendOTP" name="sendOTPTest" time="2.953"/>
  <testcase classname="com.api.testcases.TS_003_SendOTP" name="sendOTPTest" time="2.37"/>
  <testcase classname="com.api.testcases.TS_003_SendOTP" name="sendOTPTest" time="1.842"/>
  <testcase classname="com.api.testcases.TS_003_SendOTP" name="sendOTPTest" time="1.842"/>
  <testcase classname="com.api.testcases.TS_003_SendOTP" name="sendOTPTest" time="2.56"/>
  <testcase classname="com.api.testcases.TS_003_SendOTP" name="sendOTPTest" time="3.275"/>
  <testcase classname="com.api.testcases.TS_003_SendOTP" name="sendOTPTest" time="2.559"/>
  <testcase classname="com.api.testcases.TS_003_SendOTP" name="sendOTPTest" time="2.156"/>
  <testcase classname="com.api.testcases.TS_003_SendOTP" name="sendOTPTest" time="2.859"/>
  <testcase classname="com.api.testcases.TS_004_GetUserProfile" name="getProfileTest" time="2.198"/>
  <testcase classname="com.api.testcases.TS_004_GetUserProfile" name="getProfileTest" time="2.226"/>
  <testcase classname="com.api.testcases.TS_004_GetUserProfile" name="getProfileTest" time="2.797"/>
  <testcase classname="com.api.testcases.TS_004_GetUserProfile" name="getProfileTest" time="2.133"/>
  <testcase classname="com.api.testcases.TS_004_GetUserProfile" name="getProfileTest" time="1.725"/>
  <testcase classname="com.api.testcases.TS_005_GetUnpaidBill" name="createBillData" time="2.613"/>
  <testcase classname="com.api.testcases.TS_005_GetUnpaidBill" name="createBillData" time="2.647"/>
  <testcase classname="com.api.testcases.TS_005_GetUnpaidBill" name="createBillData" time="2.252"/>
  <testcase classname="com.api.testcases.TS_005_GetUnpaidBill" name="createBillData" time="2.187"/>
  <testcase classname="com.api.testcases.TS_005_GetUnpaidBill" name="createBillData" time="2.624"/>
  <testcase classname="com.api.testcases.TS_005_GetUnpaidBill" name="createBillData" time="3.274"/>
  <testcase classname="com.api.testcases.TS_005_GetUnpaidBill" name="createBillData" time="2.714"/>
  <testcase classname="com.api.testcases.TS_005_GetUnpaidBill" name="createBillData" time="1.919"/>
  <testcase classname="com.api.testcases.TS_005_GetUnpaidBill" name="createBillData" time="2.327"/>
  <testcase classname="com.api.testcases.TS_005_GetUnpaidBill" name="createBillData" time="2.353"/>
  <testcase classname="com.api.testcases.TS_005_GetUnpaidBill" name="createBillData" time="3.177"/>
  <testcase classname="com.api.testcases.TS_005_GetUnpaidBill" name="createBillData" time="1.84"/>
  <testcase classname="com.api.testcases.TS_005_GetUnpaidBill" name="createBillData" time="1.954"/>
  <testcase classname="com.api.testcases.TS_005_GetUnpaidBill" name="getUnpaidBillTest" time="1.995"/>
  <testcase classname="com.api.testcases.TS_005_GetUnpaidBill" name="getUnpaidBillTest" time="2.558"/>
  <testcase classname="com.api.testcases.TS_005_GetUnpaidBill" name="getUnpaidBillTest" time="2.457"/>
  <testcase classname="com.api.testcases.TS_005_GetUnpaidBill" name="getUnpaidBillTest" time="2.662"/>
  <testcase classname="com.api.testcases.TS_005_GetUnpaidBill" name="getUnpaidBillTest" time="2.024"/>
  <testcase classname="com.api.testcases.TS_005_GetUnpaidBill" name="getUnpaidBillTest" time="2.354"/>
  <testcase classname="com.api.testcases.TS_005_GetUnpaidBill" name="getUnpaidBillTest" time="2.661"/>
  <testcase classname="com.api.testcases.TS_005_GetUnpaidBill" name="getUnpaidBillTest" time="2.252"/>
  <testcase classname="com.api.testcases.TS_005_GetUnpaidBill" name="getUnpaidBillTest" time="2.772"/>
  <testcase classname="com.api.testcases.TS_005_GetUnpaidBill" name="getUnpaidBillTest" time="2.427"/>
  <testcase classname="com.api.testcases.TS_005_GetUnpaidBill" name="getUnpaidBillTest" time="1.967"/>
  <testcase classname="com.api.testcases.TS_005_GetUnpaidBill" name="getUnpaidBillTest" time="2.155"/>
  <testcase classname="com.api.testcases.TS_005_GetUnpaidBill" name="getUnpaidBillTest" time="1.722"/>
  <testcase classname="com.api.testcases.TS_006_InsertPayment" name="createBillData" time="2.576"/>
  <testcase classname="com.api.testcases.TS_006_InsertPayment" name="createBillData" time="3.173"/>
  <testcase classname="com.api.testcases.TS_006_InsertPayment" name="createBillData" time="2.251"/>
  <testcase classname="com.api.testcases.TS_006_InsertPayment" name="createBillData" time="1.934"/>
  <testcase classname="com.api.testcases.TS_006_InsertPayment" name="createBillData" time="1.853"/>
  <testcase classname="com.api.testcases.TS_006_InsertPayment" name="createBillData" time="3.579"/>
  <testcase classname="com.api.testcases.TS_006_InsertPayment" name="insertPaymentTest" time="3.74"/>
  <testcase classname="com.api.testcases.TS_006_InsertPayment" name="insertPaymentTest" time="4.868"/>
  <testcase classname="com.api.testcases.TS_006_InsertPayment" name="insertPaymentTest" time="5.138"/>
  <testcase classname="com.api.testcases.TS_006_InsertPayment" name="insertPaymentTest" time="5.099"/>
  <testcase classname="com.api.testcases.TS_006_InsertPayment" name="insertPaymentTest" time="2.248"/>
  <testcase classname="com.api.testcases.TS_006_InsertPayment" name="insertPaymentTest" time="5.426">
    <failure type="java.lang.AssertionError" message="1 expectation failed.
Response body doesn&amp;apos;t match expectation.
Expected: a string containing &amp;quot;Pay your bill to finish the transaction&amp;quot;
  Actual: [data:[:], message:Pay your bill to finish the transaction, status:403]
">
      <![CDATA[java.lang.AssertionError: 1 expectation failed.
Response body doesn't match expectation.
Expected: a string containing "Pay your bill to finish the transaction"
  Actual: [data:[:], message:Pay your bill to finish the transaction, status:403]

at org.codehaus.groovy.runtime.callsite.ConstructorSite$ConstructorSiteNoUnwrap.callConstructor(ConstructorSite.java:84)
at org.codehaus.groovy.runtime.callsite.AbstractCallSite.callConstructor(AbstractCallSite.java:250)
at io.restassured.internal.ResponseSpecificationImpl$HamcrestAssertionClosure.validate(ResponseSpecificationImpl.groovy:494)
at io.restassured.internal.ResponseSpecificationImpl$HamcrestAssertionClosure$validate$1.call(Unknown Source)
at io.restassured.internal.ResponseSpecificationImpl.validateResponseIfRequired(ResponseSpecificationImpl.groovy:656)
at org.codehaus.groovy.runtime.callsite.PogoMetaMethodSite$PogoCachedMethodSiteNoUnwrapNoCoerce.invoke(PogoMetaMethodSite.java:210)
at org.codehaus.groovy.runtime.callsite.PogoMetaMethodSite.callCurrent(PogoMetaMethodSite.java:59)
at org.codehaus.groovy.runtime.callsite.AbstractCallSite.callCurrent(AbstractCallSite.java:169)
at io.restassured.internal.ResponseSpecificationImpl.content(ResponseSpecificationImpl.groovy:97)
at io.restassured.internal.ValidatableResponseOptionsImpl.content(ValidatableResponseOptionsImpl.java:89)
at com.api.testcases.TS_006_InsertPayment.insertPaymentTest(TS_006_InsertPayment.java:113)
... Removed 34 stack frames]]>
    </failure>
  </testcase> <!-- insertPaymentTest -->
  <testcase classname="com.api.testcases.TS_006_InsertPayment" name="insertPaymentTest" time="5.015">
    <failure type="java.lang.AssertionError" message="1 expectation failed.
Response body doesn&amp;apos;t match expectation.
Expected: a string containing &amp;quot;Pay your bill to finish the transaction&amp;quot;
  Actual: [data:[:], message:Pay your bill to finish the transaction, status:403]
">
      <![CDATA[java.lang.AssertionError: 1 expectation failed.
Response body doesn't match expectation.
Expected: a string containing "Pay your bill to finish the transaction"
  Actual: [data:[:], message:Pay your bill to finish the transaction, status:403]

at org.codehaus.groovy.runtime.callsite.ConstructorSite$ConstructorSiteNoUnwrap.callConstructor(ConstructorSite.java:84)
at org.codehaus.groovy.runtime.callsite.AbstractCallSite.callConstructor(AbstractCallSite.java:250)
at io.restassured.internal.ResponseSpecificationImpl$HamcrestAssertionClosure.validate(ResponseSpecificationImpl.groovy:494)
at io.restassured.internal.ResponseSpecificationImpl$HamcrestAssertionClosure$validate$1.call(Unknown Source)
at io.restassured.internal.ResponseSpecificationImpl.validateResponseIfRequired(ResponseSpecificationImpl.groovy:656)
at org.codehaus.groovy.runtime.callsite.PogoMetaMethodSite$PogoCachedMethodSiteNoUnwrapNoCoerce.invoke(PogoMetaMethodSite.java:210)
at org.codehaus.groovy.runtime.callsite.PogoMetaMethodSite.callCurrent(PogoMetaMethodSite.java:59)
at org.codehaus.groovy.runtime.callsite.AbstractCallSite.callCurrent(AbstractCallSite.java:169)
at io.restassured.internal.ResponseSpecificationImpl.content(ResponseSpecificationImpl.groovy:97)
at io.restassured.internal.ValidatableResponseOptionsImpl.content(ValidatableResponseOptionsImpl.java:89)
at com.api.testcases.TS_006_InsertPayment.insertPaymentTest(TS_006_InsertPayment.java:113)
... Removed 34 stack frames]]>
    </failure>
  </testcase> <!-- insertPaymentTest -->
  <testcase classname="com.api.testcases.TS_006_InsertPayment" name="insertPaymentTest" time="3.887"/>
  <testcase classname="com.api.testcases.TS_006_InsertPayment" name="insertPaymentTest" time="4.142"/>
  <testcase classname="com.api.testcases.TS_006_InsertPayment" name="insertPaymentTest" time="5.485"/>
  <testcase classname="com.api.testcases.TS_006_InsertPayment" name="insertPaymentTest" time="5.531"/>
  <testcase classname="com.api.testcases.TS_006_InsertPayment" name="insertPaymentTest" time="5.874"/>
  <testcase classname="com.api.testcases.TS_006_InsertPayment" name="insertPaymentTest" time="5.694"/>
  <testcase classname="com.api.testcases.TS_006_InsertPayment" name="insertPaymentTest" time="5.031"/>
  <testcase classname="com.api.testcases.TS_006_InsertPayment" name="insertPaymentTest" time="4.285"/>
  <testcase classname="com.api.testcases.TS_006_InsertPayment" name="insertPaymentTest" time="2.147"/>
  <testcase classname="com.api.testcases.TS_006_InsertPayment" name="insertPaymentTest" time="2.35"/>
  <testcase classname="com.api.testcases.TS_006_InsertPayment" name="insertPaymentTest" time="2.053"/>
  <testcase classname="com.api.testcases.TS_007_VerifyPayment" name="createBillData" time="2.159"/>
  <testcase classname="com.api.testcases.TS_007_VerifyPayment" name="createBillData" time="3.174"/>
  <testcase classname="com.api.testcases.TS_007_VerifyPayment" name="createBillData" time="77.673"/>
  <testcase classname="com.api.testcases.TS_007_VerifyPayment" name="createBillData" time="2.917"/>
  <testcase classname="com.api.testcases.TS_007_VerifyPayment" name="createBillData" time="2.342"/>
  <testcase classname="com.api.testcases.TS_007_VerifyPayment" name="createBillData" time="2.257"/>
  <testcase classname="com.api.testcases.TS_007_VerifyPayment" name="insertSomePayment" time="11.156"/>
  <testcase classname="com.api.testcases.TS_007_VerifyPayment" name="verifyPaymentTest" time="2.625"/>
  <testcase classname="com.api.testcases.TS_007_VerifyPayment" name="verifyPaymentTest" time="2.457"/>
  <testcase classname="com.api.testcases.TS_007_VerifyPayment" name="verifyPaymentTest" time="2.66">
    <failure type="java.lang.AssertionError" message="1 expectation failed.
Response body doesn&amp;apos;t match expectation.
Expected: a string containing &amp;quot;You must do the payment transaction first&amp;quot;
  Actual: [data:[:], message:You must do the payment transaction first, status:403]
">
      <![CDATA[java.lang.AssertionError: 1 expectation failed.
Response body doesn't match expectation.
Expected: a string containing "You must do the payment transaction first"
  Actual: [data:[:], message:You must do the payment transaction first, status:403]

at org.codehaus.groovy.runtime.callsite.ConstructorSite$ConstructorSiteNoUnwrap.callConstructor(ConstructorSite.java:84)
at org.codehaus.groovy.runtime.callsite.AbstractCallSite.callConstructor(AbstractCallSite.java:250)
at io.restassured.internal.ResponseSpecificationImpl$HamcrestAssertionClosure.validate(ResponseSpecificationImpl.groovy:494)
at io.restassured.internal.ResponseSpecificationImpl$HamcrestAssertionClosure$validate$1.call(Unknown Source)
at io.restassured.internal.ResponseSpecificationImpl.validateResponseIfRequired(ResponseSpecificationImpl.groovy:656)
at org.codehaus.groovy.runtime.callsite.PogoMetaMethodSite$PogoCachedMethodSiteNoUnwrapNoCoerce.invoke(PogoMetaMethodSite.java:210)
at org.codehaus.groovy.runtime.callsite.PogoMetaMethodSite.callCurrent(PogoMetaMethodSite.java:59)
at org.codehaus.groovy.runtime.callsite.AbstractCallSite.callCurrent(AbstractCallSite.java:169)
at io.restassured.internal.ResponseSpecificationImpl.content(ResponseSpecificationImpl.groovy:97)
at io.restassured.internal.ValidatableResponseOptionsImpl.content(ValidatableResponseOptionsImpl.java:89)
at com.api.testcases.TS_007_VerifyPayment.verifyPaymentTest(TS_007_VerifyPayment.java:122)
... Removed 34 stack frames]]>
    </failure>
  </testcase> <!-- verifyPaymentTest -->
  <testcase classname="com.api.testcases.TS_007_VerifyPayment" name="verifyPaymentTest" time="3.065">
    <failure type="java.lang.AssertionError" message="1 expectation failed.
Response body doesn&amp;apos;t match expectation.
Expected: a string containing &amp;quot;You must do the payment transaction first&amp;quot;
  Actual: [data:[:], message:You must do the payment transaction first, status:403]
">
      <![CDATA[java.lang.AssertionError: 1 expectation failed.
Response body doesn't match expectation.
Expected: a string containing "You must do the payment transaction first"
  Actual: [data:[:], message:You must do the payment transaction first, status:403]

at org.codehaus.groovy.runtime.callsite.ConstructorSite$ConstructorSiteNoUnwrap.callConstructor(ConstructorSite.java:84)
at org.codehaus.groovy.runtime.callsite.AbstractCallSite.callConstructor(AbstractCallSite.java:250)
at io.restassured.internal.ResponseSpecificationImpl$HamcrestAssertionClosure.validate(ResponseSpecificationImpl.groovy:494)
at io.restassured.internal.ResponseSpecificationImpl$HamcrestAssertionClosure$validate$1.call(Unknown Source)
at io.restassured.internal.ResponseSpecificationImpl.validateResponseIfRequired(ResponseSpecificationImpl.groovy:656)
at org.codehaus.groovy.runtime.callsite.PogoMetaMethodSite$PogoCachedMethodSiteNoUnwrapNoCoerce.invoke(PogoMetaMethodSite.java:210)
at org.codehaus.groovy.runtime.callsite.PogoMetaMethodSite.callCurrent(PogoMetaMethodSite.java:59)
at org.codehaus.groovy.runtime.callsite.AbstractCallSite.callCurrent(AbstractCallSite.java:169)
at io.restassured.internal.ResponseSpecificationImpl.content(ResponseSpecificationImpl.groovy:97)
at io.restassured.internal.ValidatableResponseOptionsImpl.content(ValidatableResponseOptionsImpl.java:89)
at com.api.testcases.TS_007_VerifyPayment.verifyPaymentTest(TS_007_VerifyPayment.java:122)
... Removed 34 stack frames]]>
    </failure>
  </testcase> <!-- verifyPaymentTest -->
  <testcase classname="com.api.testcases.TS_007_VerifyPayment" name="verifyPaymentTest" time="2.668"/>
  <testcase classname="com.api.testcases.TS_007_VerifyPayment" name="verifyPaymentTest" time="3.276"/>
  <testcase classname="com.api.testcases.TS_007_VerifyPayment" name="verifyPaymentTest" time="2.251"/>
  <testcase classname="com.api.testcases.TS_007_VerifyPayment" name="verifyPaymentTest" time="2.052"/>
  <testcase classname="com.api.testcases.TS_007_VerifyPayment" name="verifyPaymentTest" time="2.516"/>
  <testcase classname="com.api.testcases.TS_007_VerifyPayment" name="verifyPaymentTest" time="3.113"/>
  <testcase classname="com.api.testcases.TS_007_VerifyPayment" name="verifyPaymentTest" time="2.151"/>
  <testcase classname="com.api.testcases.TS_007_VerifyPayment" name="verifyPaymentTest" time="2.558"/>
  <testcase classname="com.api.testcases.TS_007_VerifyPayment" name="verifyPaymentTest" time="2.034"/>
  <testcase classname="com.api.testcases.TS_007_VerifyPayment" name="verifyPaymentTest" time="2.47"/>
  <testcase classname="com.api.testcases.TS_007_VerifyPayment" name="verifyPaymentTest" time="2.052"/>
  <testcase classname="com.api.testcases.TS_007_VerifyPayment" name="verifyPaymentTest" time="1.837"/>
  <testcase classname="com.api.testcases.TS_008_GetUserPaymentHistory" name="getProfileTest" time="2.477"/>
  <testcase classname="com.api.testcases.TS_008_GetUserPaymentHistory" name="getProfileTest" time="1.681"/>
  <testcase classname="com.api.testcases.TS_008_GetUserPaymentHistory" name="getProfileTest" time="1.457"/>
  <testcase classname="com.api.testcases.TS_008_GetUserPaymentHistory" name="getProfileTest" time="1.568"/>
  <testcase classname="com.api.testcases.TS_008_GetUserPaymentHistory" name="getProfileTest" time="1.553"/>
  <testcase classname="com.api.testcases.CleanUpEverything" name="cleanUp" time="75.415"/>
</testsuite> <!-- APITest -->
