<?xml version="1.0" encoding="UTF-8"?>
<!-- Generated by org.testng.reporters.JUnitReportReporter -->
<testsuite hostname="dnid0007l01.local" failures="1" tests="19" name="com.api.testcases.TS_002_Login" time="63.093" errors="0" timestamp="19 May 2020 04:45:52 GMT" skipped="0">
  <testcase classname="com.api.testcases.TS_002_Login" name="loginTest" time="2.220"/>
  <testcase classname="com.api.testcases.TS_002_Login" name="loginTest" time="2.397"/>
  <testcase classname="com.api.testcases.TS_002_Login" name="loginTest" time="2.382"/>
  <testcase classname="com.api.testcases.TS_002_Login" name="loginTest" time="2.560"/>
  <testcase classname="com.api.testcases.TS_002_Login" name="loginTest" time="2.441"/>
  <testcase classname="com.api.testcases.TS_002_Login" name="loginTest" time="2.278"/>
  <testcase classname="com.api.testcases.TS_002_Login" name="loginTest" time="1.842"/>
  <testcase classname="com.api.testcases.TS_002_Login" name="loginTest" time="2.188"/>
  <testcase classname="com.api.testcases.TS_002_Login" name="loginTest" time="1.947"/>
  <testcase classname="com.api.testcases.TS_002_Login" name="loginTest" time="2.358"/>
  <testcase classname="com.api.testcases.TS_002_Login" name="loginTest" time="2.643"/>
  <testcase classname="com.api.testcases.TS_002_Login" name="loginTest" time="2.684"/>
  <testcase classname="com.api.testcases.TS_002_Login" name="loginTest" time="2.455"/>
  <testcase classname="com.api.testcases.TS_002_Login" name="loginTest" time="1.857">
    <failure message="1 expectation failed.
Response body doesn&#039;t match expectation.
Expected: a string containing &quot;Invalid phone number&quot;
  Actual: [data:[:], message:Phone number or password wrong, status:403]
" type="java.lang.AssertionError">
      <![CDATA[java.lang.AssertionError: 1 expectation failed.
Response body doesn't match expectation.
Expected: a string containing "Invalid phone number"
  Actual: [data:[:], message:Phone number or password wrong, status:403]

at java.base/jdk.internal.reflect.NativeConstructorAccessorImpl.newInstance0(Native Method)
at java.base/jdk.internal.reflect.NativeConstructorAccessorImpl.newInstance(NativeConstructorAccessorImpl.java:62)
at java.base/jdk.internal.reflect.DelegatingConstructorAccessorImpl.newInstance(DelegatingConstructorAccessorImpl.java:45)
at java.base/java.lang.reflect.Constructor.newInstance(Constructor.java:490)
at org.codehaus.groovy.reflection.CachedConstructor.invoke(CachedConstructor.java:83)
at org.codehaus.groovy.reflection.CachedConstructor.doConstructorInvoke(CachedConstructor.java:77)
at org.codehaus.groovy.runtime.callsite.ConstructorSite$ConstructorSiteNoUnwrap.callConstructor(ConstructorSite.java:84)
at org.codehaus.groovy.runtime.callsite.AbstractCallSite.callConstructor(AbstractCallSite.java:250)
at io.restassured.internal.ResponseSpecificationImpl$HamcrestAssertionClosure.validate(ResponseSpecificationImpl.groovy:494)
at io.restassured.internal.ResponseSpecificationImpl$HamcrestAssertionClosure$validate$1.call(Unknown Source)
at io.restassured.internal.ResponseSpecificationImpl.validateResponseIfRequired(ResponseSpecificationImpl.groovy:656)
at jdk.internal.reflect.GeneratedMethodAccessor31.invoke(Unknown Source)
at java.base/jdk.internal.reflect.DelegatingMethodAccessorImpl.invoke(DelegatingMethodAccessorImpl.java:43)
at java.base/java.lang.reflect.Method.invoke(Method.java:566)
at org.codehaus.groovy.runtime.callsite.PogoMetaMethodSite$PogoCachedMethodSiteNoUnwrapNoCoerce.invoke(PogoMetaMethodSite.java:210)
at org.codehaus.groovy.runtime.callsite.PogoMetaMethodSite.callCurrent(PogoMetaMethodSite.java:59)
at org.codehaus.groovy.runtime.callsite.AbstractCallSite.callCurrent(AbstractCallSite.java:169)
at io.restassured.internal.ResponseSpecificationImpl.content(ResponseSpecificationImpl.groovy:97)
at io.restassured.internal.ValidatableResponseOptionsImpl.content(ValidatableResponseOptionsImpl.java:89)
at com.api.testcases.TS_002_Login.loginTest(TS_002_Login.java:73)
at java.base/jdk.internal.reflect.NativeMethodAccessorImpl.invoke0(Native Method)
at java.base/jdk.internal.reflect.NativeMethodAccessorImpl.invoke(NativeMethodAccessorImpl.java:62)
at java.base/jdk.internal.reflect.DelegatingMethodAccessorImpl.invoke(DelegatingMethodAccessorImpl.java:43)
at java.base/java.lang.reflect.Method.invoke(Method.java:566)
at org.testng.internal.MethodInvocationHelper.invokeMethod(MethodInvocationHelper.java:124)
at org.testng.internal.Invoker.invokeMethod(Invoker.java:583)
at org.testng.internal.Invoker.invokeTestMethod(Invoker.java:719)
at org.testng.internal.Invoker.invokeTestMethods(Invoker.java:989)
at org.testng.internal.TestMethodWorker.invokeTestMethods(TestMethodWorker.java:125)
at org.testng.internal.TestMethodWorker.run(TestMethodWorker.java:109)
at org.testng.TestRunner.privateRun(TestRunner.java:648)
at org.testng.TestRunner.run(TestRunner.java:505)
at org.testng.SuiteRunner.runTest(SuiteRunner.java:455)
at org.testng.SuiteRunner.runSequentially(SuiteRunner.java:450)
at org.testng.SuiteRunner.privateRun(SuiteRunner.java:415)
at org.testng.SuiteRunner.run(SuiteRunner.java:364)
at org.testng.SuiteRunnerWorker.runSuite(SuiteRunnerWorker.java:52)
at org.testng.SuiteRunnerWorker.run(SuiteRunnerWorker.java:84)
at org.testng.TestNG.runSuitesSequentially(TestNG.java:1208)
at org.testng.TestNG.runSuitesLocally(TestNG.java:1137)
at org.testng.TestNG.runSuites(TestNG.java:1049)
at org.testng.TestNG.run(TestNG.java:1017)
at org.testng.remote.AbstractRemoteTestNG.run(AbstractRemoteTestNG.java:115)
at org.testng.remote.RemoteTestNG.initAndRun(RemoteTestNG.java:251)
at org.testng.remote.RemoteTestNG.main(RemoteTestNG.java:77)
]]>
    </failure>
  </testcase> <!-- loginTest -->
  <testcase classname="com.api.testcases.TS_002_Login" name="loginTest" time="2.639"/>
  <testcase classname="com.api.testcases.TS_002_Login" name="loginTest" time="2.122"/>
  <testcase classname="com.api.testcases.TS_002_Login" name="loginTest" time="2.762"/>
  <testcase classname="com.api.testcases.TS_002_Login" name="loginTest" time="2.420"/>
  <testcase classname="com.api.testcases.TS_002_Login" name="loginTest" time="20.898"/>
</testsuite> <!-- com.api.testcases.TS_002_Login -->
