<?xml version="1.0" encoding="UTF-8"?>
<!-- Generated by org.testng.reporters.JUnitReportReporter -->
<testsuite hostname="dnid0007l01.local" failures="1" tests="29" name="com.api.testcases.TS_001_CreateAccount" time="68.494" errors="0" timestamp="19 May 2020 04:45:52 GMT" skipped="0">
  <testcase classname="com.api.testcases.TS_001_CreateAccount" name="createAccountTest" time="4.136"/>
  <testcase classname="com.api.testcases.TS_001_CreateAccount" name="createAccountTest" time="2.149"/>
  <testcase classname="com.api.testcases.TS_001_CreateAccount" name="createAccountTest" time="2.171"/>
  <testcase classname="com.api.testcases.TS_001_CreateAccount" name="createAccountTest" time="2.242"/>
  <testcase classname="com.api.testcases.TS_001_CreateAccount" name="createAccountTest" time="2.750"/>
  <testcase classname="com.api.testcases.TS_001_CreateAccount" name="createAccountTest" time="2.252"/>
  <testcase classname="com.api.testcases.TS_001_CreateAccount" name="createAccountTest" time="2.254"/>
  <testcase classname="com.api.testcases.TS_001_CreateAccount" name="createAccountTest" time="1.901"/>
  <testcase classname="com.api.testcases.TS_001_CreateAccount" name="createAccountTest" time="2.101"/>
  <testcase classname="com.api.testcases.TS_001_CreateAccount" name="createAccountTest" time="2.778"/>
  <testcase classname="com.api.testcases.TS_001_CreateAccount" name="createAccountTest" time="2.221"/>
  <testcase classname="com.api.testcases.TS_001_CreateAccount" name="createAccountTest" time="1.920"/>
  <testcase classname="com.api.testcases.TS_001_CreateAccount" name="createAccountTest" time="2.459"/>
  <testcase classname="com.api.testcases.TS_001_CreateAccount" name="createAccountTest" time="4.647">
    <failure message="1 expectation failed.
Expected status code &lt;403&gt; but was &lt;201&gt;.
" type="java.lang.AssertionError">
      <![CDATA[java.lang.AssertionError: 1 expectation failed.
Expected status code <403> but was <201>.

at java.base/jdk.internal.reflect.NativeConstructorAccessorImpl.newInstance0(Native Method)
at java.base/jdk.internal.reflect.NativeConstructorAccessorImpl.newInstance(NativeConstructorAccessorImpl.java:62)
at java.base/jdk.internal.reflect.DelegatingConstructorAccessorImpl.newInstance(DelegatingConstructorAccessorImpl.java:45)
at java.base/java.lang.reflect.Constructor.newInstance(Constructor.java:490)
at org.codehaus.groovy.reflection.CachedConstructor.invoke(CachedConstructor.java:83)
at org.codehaus.groovy.reflection.CachedConstructor.doConstructorInvoke(CachedConstructor.java:77)
at org.codehaus.groovy.runtime.callsite.ConstructorSite$ConstructorSiteNoUnwrap.callConstructor(ConstructorSite.java:84)
at org.codehaus.groovy.runtime.callsite.CallSiteArray.defaultCallConstructor(CallSiteArray.java:59)
at org.codehaus.groovy.runtime.callsite.AbstractCallSite.callConstructor(AbstractCallSite.java:238)
at org.codehaus.groovy.runtime.callsite.AbstractCallSite.callConstructor(AbstractCallSite.java:250)
at io.restassured.internal.ResponseSpecificationImpl$HamcrestAssertionClosure.validate(ResponseSpecificationImpl.groovy:494)
at io.restassured.internal.ResponseSpecificationImpl$HamcrestAssertionClosure$validate$1.call(Unknown Source)
at io.restassured.internal.ResponseSpecificationImpl.validateResponseIfRequired(ResponseSpecificationImpl.groovy:656)
at jdk.internal.reflect.GeneratedMethodAccessor31.invoke(Unknown Source)
at java.base/jdk.internal.reflect.DelegatingMethodAccessorImpl.invoke(DelegatingMethodAccessorImpl.java:43)
at java.base/java.lang.reflect.Method.invoke(Method.java:566)
at org.codehaus.groovy.runtime.callsite.PogoMetaMethodSite$PogoCachedMethodSiteNoUnwrapNoCoerce.invoke(PogoMetaMethodSite.java:210)
at org.codehaus.groovy.runtime.callsite.PogoMetaMethodSite.callCurrent(PogoMetaMethodSite.java:59)
at org.codehaus.groovy.runtime.callsite.AbstractCallSite.callCurrent(AbstractCallSite.java:169)
at io.restassured.internal.ResponseSpecificationImpl.statusCode(ResponseSpecificationImpl.groovy:125)
at io.restassured.specification.ResponseSpecification$statusCode$0.callCurrent(Unknown Source)
at io.restassured.internal.ResponseSpecificationImpl.statusCode(ResponseSpecificationImpl.groovy:133)
at io.restassured.internal.ValidatableResponseOptionsImpl.statusCode(ValidatableResponseOptionsImpl.java:119)
at com.api.testcases.TS_001_CreateAccount.createAccountTest(TS_001_CreateAccount.java:79)
at jdk.internal.reflect.GeneratedMethodAccessor100.invoke(Unknown Source)
at java.base/jdk.internal.reflect.DelegatingMethodAccessorImpl.invoke(DelegatingMethodAccessorImpl.java:43)
at java.base/java.lang.reflect.Method.invoke(Method.java:566)
at org.testng.internal.MethodInvocationHelper.invokeMethod(MethodInvocationHelper.java:124)
at org.testng.internal.Invoker.invokeMethod(Invoker.java:583)
at org.testng.internal.Invoker.invokeTestMethod(Invoker.java:719)
at org.testng.internal.Invoker.invokeTestMethods(Invoker.java:989)
at org.testng.internal.TestMethodWorker.invokeTestMethods(TestMethodWorker.java:125)
at org.testng.internal.TestMethodWorker.run(TestMethodWorker.java:109)
at org.testng.TestRunner.privateRun(TestRunner.java:648)
at org.testng.TestRunner.run(TestRunner.java:505)
at org.testng.SuiteRunner.runTest(SuiteRunner.java:455)
at org.testng.SuiteRunner.runSequentially(SuiteRunner.java:450)
at org.testng.SuiteRunner.privateRun(SuiteRunner.java:415)
at org.testng.SuiteRunner.run(SuiteRunner.java:364)
at org.testng.SuiteRunnerWorker.runSuite(SuiteRunnerWorker.java:52)
at org.testng.SuiteRunnerWorker.run(SuiteRunnerWorker.java:84)
at org.testng.TestNG.runSuitesSequentially(TestNG.java:1208)
at org.testng.TestNG.runSuitesLocally(TestNG.java:1137)
at org.testng.TestNG.runSuites(TestNG.java:1049)
at org.testng.TestNG.run(TestNG.java:1017)
at org.testng.remote.AbstractRemoteTestNG.run(AbstractRemoteTestNG.java:115)
at org.testng.remote.RemoteTestNG.initAndRun(RemoteTestNG.java:251)
at org.testng.remote.RemoteTestNG.main(RemoteTestNG.java:77)
]]>
    </failure>
  </testcase> <!-- createAccountTest -->
  <testcase classname="com.api.testcases.TS_001_CreateAccount" name="createAccountTest" time="2.255"/>
  <testcase classname="com.api.testcases.TS_001_CreateAccount" name="createAccountTest" time="1.844"/>
  <testcase classname="com.api.testcases.TS_001_CreateAccount" name="createAccountTest" time="2.003"/>
  <testcase classname="com.api.testcases.TS_001_CreateAccount" name="createAccountTest" time="1.876"/>
  <testcase classname="com.api.testcases.TS_001_CreateAccount" name="createAccountTest" time="2.116"/>
  <testcase classname="com.api.testcases.TS_001_CreateAccount" name="createAccountTest" time="2.156"/>
  <testcase classname="com.api.testcases.TS_001_CreateAccount" name="createAccountTest" time="2.413"/>
  <testcase classname="com.api.testcases.TS_001_CreateAccount" name="createAccountTest" time="2.142"/>
  <testcase classname="com.api.testcases.TS_001_CreateAccount" name="createAccountTest" time="2.437"/>
  <testcase classname="com.api.testcases.TS_001_CreateAccount" name="createAccountTest" time="2.671"/>
  <testcase classname="com.api.testcases.TS_001_CreateAccount" name="createAccountTest" time="2.562"/>
  <testcase classname="com.api.testcases.TS_001_CreateAccount" name="createAccountTest" time="2.107"/>
  <testcase classname="com.api.testcases.TS_001_CreateAccount" name="createAccountTest" time="2.250"/>
  <testcase classname="com.api.testcases.TS_001_CreateAccount" name="createAccountTest" time="1.736"/>
  <testcase classname="com.api.testcases.TS_001_CreateAccount" name="createAccountTest" time="1.945"/>
</testsuite> <!-- com.api.testcases.TS_001_CreateAccount -->
